<?xml version="1.0" encoding="UTF-8"?>
<testng-results skipped="0" failed="0" total="1" passed="1">
  <reporter-output>
  </reporter-output>
  <suite name="Default suite" duration-ms="43120" started-at="2018-05-22T19:24:04Z" finished-at="2018-05-22T19:24:47Z">
    <groups>
    </groups>
    <test name="Default test" duration-ms="43120" started-at="2018-05-22T19:24:04Z" finished-at="2018-05-22T19:24:47Z">
      <class name="com.qa.test.GetApiTest">
        <test-method status="PASS" signature="setUp()[pri:0, instance:com.qa.test.GetApiTest@2ea227af]" name="setUp" is-config="true" duration-ms="10" started-at="2018-05-22T15:24:04Z" finished-at="2018-05-22T15:24:04Z">
          <reporter-output>
          </reporter-output>
        </test-method> <!-- setUp -->
        <test-method status="PASS" signature="getAPITest()[pri:0, instance:com.qa.test.GetApiTest@2ea227af]" name="getAPITest" duration-ms="43078" started-at="2018-05-22T15:24:04Z" finished-at="2018-05-22T15:24:47Z">
          <reporter-output>
          </reporter-output>
        </test-method> <!-- getAPITest -->
      </class> <!-- com.qa.test.GetApiTest -->
    </test> <!-- Default test -->
  </suite> <!-- Default suite -->
</testng-results>
